/home/dorn/Dev/yatodo/db_backups/backup.sh: line 17: /path/to/backup/hourly/db_backup_2024-10-13_07-00-01.sql: No such file or directory
cp: cannot stat '/path/to/backup/hourly/db_backup_2024-10-13_07-00-01.sql': No such file or directory
/home/dorn/Dev/yatodo/db_backups/backup.sh: line 25: cd: /path/to/backup/hourly: No such file or directory
rm: cannot remove 'Videos': Is a directory
rm: cannot remove 'Templates': Is a directory
rm: cannot remove 'Public': Is a directory
rm: cannot remove 'Music': Is a directory
rm: cannot remove 'Documents': Is a directory
rm: cannot remove 'snap': Is a directory
/home/dorn/Dev/yatodo/db_backups/backup.sh: line 29: cd: /path/to/backup/daily: No such file or directory
[2024-10-13 09:00:01] Created hourly backup: /home/dorn/Dev/yatodo/db_backups/hourly/db_backup_2024-10-13_09-00-01.sql
[2024-10-13 09:00:01] Cleaned up old hourly backups, keeping the last 12 backups.
[2024-10-13 10:00:01] Created hourly backup: /home/dorn/Dev/yatodo/db_backups/hourly/db_backup_2024-10-13_10-00-01.sql
[2024-10-13 10:00:01] Cleaned up old hourly backups, keeping the last 12 backups.
[2024-10-13 11:00:01] Created hourly backup: /home/dorn/Dev/yatodo/db_backups/hourly/db_backup_2024-10-13_11-00-01.sql
[2024-10-13 11:00:01] Cleaned up old hourly backups, keeping the last 12 backups.
[2024-10-13 12:00:01] Created hourly backup: /home/dorn/Dev/yatodo/db_backups/hourly/db_backup_2024-10-13_12-00-01.sql
[2024-10-13 12:00:01] Cleaned up old hourly backups, keeping the last 12 backups.
[2024-10-13 13:00:01] Created hourly backup: /home/dorn/Dev/yatodo/db_backups/hourly/db_backup_2024-10-13_13-00-01.sql
[2024-10-13 13:00:01] Cleaned up old hourly backups, keeping the last 12 backups.
[2024-10-13 14:00:01] Created hourly backup: /home/dorn/Dev/yatodo/db_backups/hourly/db_backup_2024-10-13_14-00-01.sql
[2024-10-13 14:00:01] Cleaned up old hourly backups, keeping the last 12 backups.
[2024-10-13 15:00:01] Created hourly backup: /home/dorn/Dev/yatodo/db_backups/hourly/db_backup_2024-10-13_15-00-01.sql
[2024-10-13 15:00:01] Cleaned up old hourly backups, keeping the last 12 backups.
[2024-10-13 16:00:01] Created hourly backup: /home/dorn/Dev/yatodo/db_backups/hourly/db_backup_2024-10-13_16-00-01.sql
[2024-10-13 16:00:01] Cleaned up old hourly backups, keeping the last 12 backups.
[2024-10-13 17:00:01] Created hourly backup: /home/dorn/Dev/yatodo/db_backups/hourly/db_backup_2024-10-13_17-00-01.sql
[2024-10-13 17:00:01] Cleaned up old hourly backups, keeping the last 12 backups.
[2024-10-13 18:00:01] Created hourly backup: /home/dorn/Dev/yatodo/db_backups/hourly/db_backup_2024-10-13_18-00-01.sql
[2024-10-13 18:00:01] Cleaned up old hourly backups, keeping the last 12 backups.
[2024-10-13 19:00:01] Created hourly backup: /home/dorn/Dev/yatodo/db_backups/hourly/db_backup_2024-10-13_19-00-01.sql
[2024-10-13 19:00:01] Cleaned up old hourly backups, keeping the last 12 backups.
[2024-10-14 04:00:02] Created hourly backup: /home/dorn/Dev/yatodo/db_backups/hourly/db_backup_2024-10-14_04-00-01.sql
[2024-10-14 04:00:02] Saved daily backup: /home/dorn/Dev/yatodo/db_backups/daily/db_backup_2024-10-14.sql
[2024-10-14 04:00:02] Cleaned up old hourly backups, keeping the last 12 backups.
[2024-10-14 05:00:01] Created hourly backup: /home/dorn/Dev/yatodo/db_backups/hourly/db_backup_2024-10-14_05-00-01.sql
[2024-10-14 05:00:01] Cleaned up old hourly backups, keeping the last 12 backups.
[2024-10-14 06:00:01] Created hourly backup: /home/dorn/Dev/yatodo/db_backups/hourly/db_backup_2024-10-14_06-00-01.sql
[2024-10-14 06:00:01] Cleaned up old hourly backups, keeping the last 12 backups.
[2024-10-14 07:00:01] Created hourly backup: /home/dorn/Dev/yatodo/db_backups/hourly/db_backup_2024-10-14_07-00-01.sql
[2024-10-14 07:00:01] Cleaned up old hourly backups, keeping the last 12 backups.
[2024-10-14 08:00:01] Created hourly backup: /home/dorn/Dev/yatodo/db_backups/hourly/db_backup_2024-10-14_08-00-01.sql
[2024-10-14 08:00:01] Cleaned up old hourly backups, keeping the last 12 backups.
[2024-10-14 09:00:01] Created hourly backup: /home/dorn/Dev/yatodo/db_backups/hourly/db_backup_2024-10-14_09-00-01.sql
[2024-10-14 09:00:01] Cleaned up old hourly backups, keeping the last 12 backups.
[2024-10-14 10:00:01] Created hourly backup: /home/dorn/Dev/yatodo/db_backups/hourly/db_backup_2024-10-14_10-00-01.sql
[2024-10-14 10:00:01] Cleaned up old hourly backups, keeping the last 12 backups.
[2024-10-14 11:00:01] Created hourly backup: /home/dorn/Dev/yatodo/db_backups/hourly/db_backup_2024-10-14_11-00-01.sql
[2024-10-14 11:00:01] Cleaned up old hourly backups, keeping the last 12 backups.
[2024-10-14 12:00:01] Created hourly backup: /home/dorn/Dev/yatodo/db_backups/hourly/db_backup_2024-10-14_12-00-01.sql
[2024-10-14 12:00:01] Cleaned up old hourly backups, keeping the last 12 backups.
[2024-10-14 13:00:01] Created hourly backup: /home/dorn/Dev/yatodo/db_backups/hourly/db_backup_2024-10-14_13-00-01.sql
[2024-10-14 13:00:01] Cleaned up old hourly backups, keeping the last 12 backups.
[2024-10-14 14:00:01] Created hourly backup: /home/dorn/Dev/yatodo/db_backups/hourly/db_backup_2024-10-14_14-00-01.sql
[2024-10-14 14:00:01] Cleaned up old hourly backups, keeping the last 12 backups.
[2024-10-14 15:00:01] Created hourly backup: /home/dorn/Dev/yatodo/db_backups/hourly/db_backup_2024-10-14_15-00-01.sql
[2024-10-14 15:00:01] Cleaned up old hourly backups, keeping the last 12 backups.
[2024-10-14 16:00:02] Created hourly backup: /home/dorn/Dev/yatodo/db_backups/hourly/db_backup_2024-10-14_16-00-02.sql
[2024-10-14 16:00:02] Cleaned up old hourly backups, keeping the last 12 backups.
[2024-10-14 17:00:01] Created hourly backup: /home/dorn/Dev/yatodo/db_backups/hourly/db_backup_2024-10-14_17-00-01.sql
[2024-10-14 17:00:01] Cleaned up old hourly backups, keeping the last 12 backups.
[2024-10-14 18:00:01] Created hourly backup: /home/dorn/Dev/yatodo/db_backups/hourly/db_backup_2024-10-14_18-00-01.sql
[2024-10-14 18:00:01] Cleaned up old hourly backups, keeping the last 12 backups.
[2024-10-14 19:00:01] Created hourly backup: /home/dorn/Dev/yatodo/db_backups/hourly/db_backup_2024-10-14_19-00-01.sql
[2024-10-14 19:00:01] Cleaned up old hourly backups, keeping the last 12 backups.
[2024-10-14 20:00:01] Created hourly backup: /home/dorn/Dev/yatodo/db_backups/hourly/db_backup_2024-10-14_20-00-01.sql
[2024-10-14 20:00:01] Cleaned up old hourly backups, keeping the last 12 backups.
[2024-10-14 21:00:01] Created hourly backup: /home/dorn/Dev/yatodo/db_backups/hourly/db_backup_2024-10-14_21-00-01.sql
[2024-10-14 21:00:01] Cleaned up old hourly backups, keeping the last 12 backups.
[2024-10-14 22:00:01] Created hourly backup: /home/dorn/Dev/yatodo/db_backups/hourly/db_backup_2024-10-14_22-00-01.sql
[2024-10-14 22:00:01] Cleaned up old hourly backups, keeping the last 12 backups.
[2024-10-14 23:00:01] Created hourly backup: /home/dorn/Dev/yatodo/db_backups/hourly/db_backup_2024-10-14_23-00-01.sql
[2024-10-14 23:00:01] Cleaned up old hourly backups, keeping the last 12 backups.
[2024-10-15 00:00:01] Created hourly backup: /home/dorn/Dev/yatodo/db_backups/hourly/db_backup_2024-10-15_00-00-01.sql
[2024-10-15 00:00:01] Saved daily backup: /home/dorn/Dev/yatodo/db_backups/daily/db_backup_2024-10-15.sql
[2024-10-15 00:00:01] Cleaned up old hourly backups, keeping the last 12 backups.
[2024-10-15 01:00:01] Created hourly backup: /home/dorn/Dev/yatodo/db_backups/hourly/db_backup_2024-10-15_01-00-01.sql
[2024-10-15 01:00:01] Cleaned up old hourly backups, keeping the last 12 backups.
[2024-10-15 02:00:01] Created hourly backup: /home/dorn/Dev/yatodo/db_backups/hourly/db_backup_2024-10-15_02-00-01.sql
[2024-10-15 02:00:01] Cleaned up old hourly backups, keeping the last 12 backups.
[2024-10-15 03:00:02] Created hourly backup: /home/dorn/Dev/yatodo/db_backups/hourly/db_backup_2024-10-15_03-00-01.sql
[2024-10-15 03:00:02] Cleaned up old hourly backups, keeping the last 12 backups.
[2024-10-15 04:00:01] Created hourly backup: /home/dorn/Dev/yatodo/db_backups/hourly/db_backup_2024-10-15_04-00-01.sql
[2024-10-15 04:00:01] Cleaned up old hourly backups, keeping the last 12 backups.
[2024-10-15 05:00:01] Created hourly backup: /home/dorn/Dev/yatodo/db_backups/hourly/db_backup_2024-10-15_05-00-01.sql
[2024-10-15 05:00:01] Cleaned up old hourly backups, keeping the last 12 backups.
[2024-10-15 06:00:01] Created hourly backup: /home/dorn/Dev/yatodo/db_backups/hourly/db_backup_2024-10-15_06-00-01.sql
[2024-10-15 06:00:01] Cleaned up old hourly backups, keeping the last 12 backups.
[2024-10-15 07:00:01] Created hourly backup: /home/dorn/Dev/yatodo/db_backups/hourly/db_backup_2024-10-15_07-00-01.sql
[2024-10-15 07:00:01] Cleaned up old hourly backups, keeping the last 12 backups.
[2024-10-15 08:00:01] Created hourly backup: /home/dorn/Dev/yatodo/db_backups/hourly/db_backup_2024-10-15_08-00-01.sql
[2024-10-15 08:00:01] Cleaned up old hourly backups, keeping the last 12 backups.
[2024-10-15 09:00:01] Created hourly backup: /home/dorn/Dev/yatodo/db_backups/hourly/db_backup_2024-10-15_09-00-01.sql
[2024-10-15 09:00:01] Cleaned up old hourly backups, keeping the last 12 backups.
/bin/sh: 1: /home/dorn/Dev/yatodo-interia/db_backups/backup.sh: not found
/bin/sh: 1: /home/dorn/Dev/yatodo-interia/db_backups/backup.sh: not found
/bin/sh: 1: /home/dorn/Dev/yatodo-interia/db_backups/backup.sh: not found
/bin/sh: 1: /home/dorn/Dev/yatodo-interia/db_backups/backup.sh: not found
/bin/sh: 1: /home/dorn/Dev/yatodo-interia/db_backups/backup.sh: not found
/bin/sh: 1: /home/dorn/Dev/yatodo-interia/db_backups/backup.sh: not found
/bin/sh: 1: /home/dorn/Dev/yatodo-interia/db_backups/backup.sh: not found
/bin/sh: 1: /home/dorn/Dev/yatodo-interia/db_backups/backup.sh: not found
/bin/sh: 1: /home/dorn/Dev/yatodo-interia/db_backups/backup.sh: not found
/bin/sh: 1: /home/dorn/Dev/yatodo-interia/db_backups/backup.sh: not found
/bin/sh: 1: /home/dorn/Dev/yatodo-interia/db_backups/backup.sh: not found
/bin/sh: 1: /home/dorn/Dev/yatodo-interia/db_backups/backup.sh: not found
/bin/sh: 1: /home/dorn/Dev/yatodo-interia/db_backups/backup.sh: not found
/bin/sh: 1: /home/dorn/Dev/yatodo-interia/db_backups/backup.sh: not found
/bin/sh: 1: /home/dorn/Dev/yatodo-interia/db_backups/backup.sh: not found
/bin/sh: 1: /home/dorn/Dev/yatodo-interia/db_backups/backup.sh: not found
/bin/sh: 1: /home/dorn/Dev/yatodo-interia/db_backups/backup.sh: not found
/bin/sh: 1: /home/dorn/Dev/yatodo-interia/db_backups/backup.sh: not found
/bin/sh: 1: /home/dorn/Dev/yatodo-interia/db_backups/backup.sh: not found
/bin/sh: 1: /home/dorn/Dev/yatodo-interia/db_backups/backup.sh: not found
/bin/sh: 1: /home/dorn/Dev/yatodo-interia/db_backups/backup.sh: not found
/bin/sh: 1: /home/dorn/Dev/yatodo-interia/db_backups/backup.sh: not found
/bin/sh: 1: /home/dorn/Dev/yatodo-interia/db_backups/backup.sh: not found
/bin/sh: 1: /home/dorn/Dev/yatodo-interia/db_backups/backup.sh: not found
/bin/sh: 1: /home/dorn/Dev/yatodo-interia/db_backups/backup.sh: not found
/bin/sh: 1: /home/dorn/Dev/yatodo-interia/db_backups/backup.sh: not found
/bin/sh: 1: /home/dorn/Dev/yatodo-interia/db_backups/backup.sh: not found
/bin/sh: 1: /home/dorn/Dev/yatodo-interia/db_backups/backup.sh: not found
/bin/sh: 1: /home/dorn/Dev/yatodo-interia/db_backups/backup.sh: not found
/bin/sh: 1: /home/dorn/Dev/yatodo-interia/db_backups/backup.sh: not found
/bin/sh: 1: /home/dorn/Dev/yatodo-interia/db_backups/backup.sh: not found
/bin/sh: 1: /home/dorn/Dev/yatodo-interia/db_backups/backup.sh: not found
/bin/sh: 1: /home/dorn/Dev/yatodo-interia/db_backups/backup.sh: not found
/bin/sh: 1: /home/dorn/Dev/yatodo-interia/db_backups/backup.sh: not found
/bin/sh: 1: /home/dorn/Dev/yatodo-interia/db_backups/backup.sh: not found
/bin/sh: 1: /home/dorn/Dev/yatodo-interia/db_backups/backup.sh: not found
/bin/sh: 1: /home/dorn/Dev/yatodo-interia/db_backups/backup.sh: not found
/bin/sh: 1: /home/dorn/Dev/yatodo-interia/db_backups/backup.sh: not found
/bin/sh: 1: /home/dorn/Dev/yatodo-interia/db_backups/backup.sh: not found
/bin/sh: 1: /home/dorn/Dev/yatodo-interia/db_backups/backup.sh: not found
/bin/sh: 1: /home/dorn/Dev/yatodo-interia/db_backups/backup.sh: not found
/bin/sh: 1: /home/dorn/Dev/yatodo-interia/db_backups/backup.sh: not found
/bin/sh: 1: /home/dorn/Dev/yatodo-interia/db_backups/backup.sh: not found
/bin/sh: 1: /home/dorn/Dev/yatodo-interia/db_backups/backup.sh: not found
/bin/sh: 1: /home/dorn/Dev/yatodo-interia/db_backups/backup.sh: not found
/bin/sh: 1: /home/dorn/Dev/yatodo-interia/db_backups/backup.sh: not found
/bin/sh: 1: /home/dorn/Dev/yatodo-interia/db_backups/backup.sh: not found
/bin/sh: 1: /home/dorn/Dev/yatodo-interia/db_backups/backup.sh: not found
/bin/sh: 1: /home/dorn/Dev/yatodo-interia/db_backups/backup.sh: not found
/bin/sh: 1: /home/dorn/Dev/yatodo-interia/db_backups/backup.sh: not found
/bin/sh: 1: /home/dorn/Dev/yatodo-interia/db_backups/backup.sh: not found
/bin/sh: 1: /home/dorn/Dev/yatodo-interia/db_backups/backup.sh: not found
/bin/sh: 1: /home/dorn/Dev/yatodo-interia/db_backups/backup.sh: not found
/bin/sh: 1: /home/dorn/Dev/yatodo-interia/db_backups/backup.sh: not found
/bin/sh: 1: /home/dorn/Dev/yatodo-interia/db_backups/backup.sh: not found
/bin/sh: 1: /home/dorn/Dev/yatodo-interia/db_backups/backup.sh: not found
/bin/sh: 1: /home/dorn/Dev/yatodo-interia/db_backups/backup.sh: not found
/bin/sh: 1: /home/dorn/Dev/yatodo-interia/db_backups/backup.sh: not found
/bin/sh: 1: /home/dorn/Dev/yatodo-interia/db_backups/backup.sh: not found
/bin/sh: 1: /home/dorn/Dev/yatodo-interia/db_backups/backup.sh: not found
/bin/sh: 1: /home/dorn/Dev/yatodo-interia/db_backups/backup.sh: not found
/bin/sh: 1: /home/dorn/Dev/yatodo-interia/db_backups/backup.sh: not found
/bin/sh: 1: /home/dorn/Dev/yatodo-interia/db_backups/backup.sh: not found
/bin/sh: 1: /home/dorn/Dev/yatodo-interia/db_backups/backup.sh: not found
/bin/sh: 1: /home/dorn/Dev/yatodo-interia/db_backups/backup.sh: not found
/bin/sh: 1: /home/dorn/Dev/yatodo-interia/db_backups/backup.sh: not found
/bin/sh: 1: /home/dorn/Dev/yatodo-interia/db_backups/backup.sh: not found
/bin/sh: 1: /home/dorn/Dev/yatodo-interia/db_backups/backup.sh: not found
/bin/sh: 1: /home/dorn/Dev/yatodo-interia/db_backups/backup.sh: not found
/bin/sh: 1: /home/dorn/Dev/yatodo-interia/db_backups/backup.sh: not found
/bin/sh: 1: /home/dorn/Dev/yatodo-interia/db_backups/backup.sh: not found
/bin/sh: 1: /home/dorn/Dev/yatodo-interia/db_backups/backup.sh: not found
/bin/sh: 1: /home/dorn/Dev/yatodo-interia/db_backups/backup.sh: not found
/bin/sh: 1: /home/dorn/Dev/yatodo-interia/db_backups/backup.sh: not found
/bin/sh: 1: /home/dorn/Dev/yatodo-interia/db_backups/backup.sh: not found
/bin/sh: 1: /home/dorn/Dev/yatodo-interia/db_backups/backup.sh: not found
/bin/sh: 1: /home/dorn/Dev/yatodo-interia/db_backups/backup.sh: not found
/bin/sh: 1: /home/dorn/Dev/yatodo-interia/db_backups/backup.sh: not found
/bin/sh: 1: /home/dorn/Dev/yatodo-interia/db_backups/backup.sh: not found
/bin/sh: 1: /home/dorn/Dev/yatodo-interia/db_backups/backup.sh: not found
/bin/sh: 1: /home/dorn/Dev/yatodo-interia/db_backups/backup.sh: not found
/bin/sh: 1: /home/dorn/Dev/yatodo-interia/db_backups/backup.sh: not found
/bin/sh: 1: /home/dorn/Dev/yatodo-interia/db_backups/backup.sh: not found
/bin/sh: 1: /home/dorn/Dev/yatodo-interia/db_backups/backup.sh: not found
/bin/sh: 1: /home/dorn/Dev/yatodo-interia/db_backups/backup.sh: not found
/bin/sh: 1: /home/dorn/Dev/yatodo-interia/db_backups/backup.sh: not found
/bin/sh: 1: /home/dorn/Dev/yatodo-interia/db_backups/backup.sh: not found
/bin/sh: 1: /home/dorn/Dev/yatodo-interia/db_backups/backup.sh: not found
/bin/sh: 1: /home/dorn/Dev/yatodo-interia/db_backups/backup.sh: not found
/bin/sh: 1: /home/dorn/Dev/yatodo-interia/db_backups/backup.sh: not found
/bin/sh: 1: /home/dorn/Dev/yatodo-interia/db_backups/backup.sh: not found
/bin/sh: 1: /home/dorn/Dev/yatodo-interia/db_backups/backup.sh: not found
/bin/sh: 1: /home/dorn/Dev/yatodo-interia/db_backups/backup.sh: not found
/bin/sh: 1: /home/dorn/Dev/yatodo-interia/db_backups/backup.sh: not found
/bin/sh: 1: /home/dorn/Dev/yatodo-interia/db_backups/backup.sh: not found
/bin/sh: 1: /home/dorn/Dev/yatodo-interia/db_backups/backup.sh: not found
/bin/sh: 1: /home/dorn/Dev/yatodo-interia/db_backups/backup.sh: not found
/bin/sh: 1: /home/dorn/Dev/yatodo-interia/db_backups/backup.sh: not found
/bin/sh: 1: /home/dorn/Dev/yatodo-interia/db_backups/backup.sh: not found
/bin/sh: 1: /home/dorn/Dev/yatodo-interia/db_backups/backup.sh: not found
/bin/sh: 1: /home/dorn/Dev/yatodo-interia/db_backups/backup.sh: not found
/bin/sh: 1: /home/dorn/Dev/yatodo-interia/db_backups/backup.sh: not found
/bin/sh: 1: /home/dorn/Dev/yatodo-interia/db_backups/backup.sh: not found
/bin/sh: 1: /home/dorn/Dev/yatodo-interia/db_backups/backup.sh: not found
/bin/sh: 1: /home/dorn/Dev/yatodo-interia/db_backups/backup.sh: not found
/bin/sh: 1: /home/dorn/Dev/yatodo-interia/db_backups/backup.sh: not found
/bin/sh: 1: /home/dorn/Dev/yatodo-interia/db_backups/backup.sh: not found
/bin/sh: 1: /home/dorn/Dev/yatodo-interia/db_backups/backup.sh: not found
/bin/sh: 1: /home/dorn/Dev/yatodo-interia/db_backups/backup.sh: not found
/bin/sh: 1: /home/dorn/Dev/yatodo-interia/db_backups/backup.sh: not found
/bin/sh: 1: /home/dorn/Dev/yatodo-interia/db_backups/backup.sh: not found
/bin/sh: 1: /home/dorn/Dev/yatodo-interia/db_backups/backup.sh: not found
/bin/sh: 1: /home/dorn/Dev/yatodo-interia/db_backups/backup.sh: not found
/bin/sh: 1: /home/dorn/Dev/yatodo-interia/db_backups/backup.sh: not found
/bin/sh: 1: /home/dorn/Dev/yatodo-interia/db_backups/backup.sh: not found
/bin/sh: 1: /home/dorn/Dev/yatodo-interia/db_backups/backup.sh: not found
/bin/sh: 1: /home/dorn/Dev/yatodo-interia/db_backups/backup.sh: not found
/bin/sh: 1: /home/dorn/Dev/yatodo-interia/db_backups/backup.sh: not found
/bin/sh: 1: /home/dorn/Dev/yatodo-interia/db_backups/backup.sh: not found
/bin/sh: 1: /home/dorn/Dev/yatodo-interia/db_backups/backup.sh: not found
/bin/sh: 1: /home/dorn/Dev/yatodo-interia/db_backups/backup.sh: not found
/bin/sh: 1: /home/dorn/Dev/yatodo-interia/db_backups/backup.sh: not found
/bin/sh: 1: /home/dorn/Dev/yatodo-interia/db_backups/backup.sh: not found
/bin/sh: 1: /home/dorn/Dev/yatodo-interia/db_backups/backup.sh: not found
/bin/sh: 1: /home/dorn/Dev/yatodo-interia/db_backups/backup.sh: not found
/bin/sh: 1: /home/dorn/Dev/yatodo-interia/db_backups/backup.sh: not found
/bin/sh: 1: /home/dorn/Dev/yatodo-interia/db_backups/backup.sh: not found
/bin/sh: 1: /home/dorn/Dev/yatodo-interia/db_backups/backup.sh: not found
/bin/sh: 1: /home/dorn/Dev/yatodo-interia/db_backups/backup.sh: not found
/bin/sh: 1: /home/dorn/Dev/yatodo-interia/db_backups/backup.sh: not found
/bin/sh: 1: /home/dorn/Dev/yatodo-interia/db_backups/backup.sh: not found
/bin/sh: 1: /home/dorn/Dev/yatodo-interia/db_backups/backup.sh: not found
/bin/sh: 1: /home/dorn/Dev/yatodo-interia/db_backups/backup.sh: not found
/bin/sh: 1: /home/dorn/Dev/yatodo-interia/db_backups/backup.sh: not found
/bin/sh: 1: /home/dorn/Dev/yatodo-interia/db_backups/backup.sh: not found
/bin/sh: 1: /home/dorn/Dev/yatodo-interia/db_backups/backup.sh: not found
/bin/sh: 1: /home/dorn/Dev/yatodo-interia/db_backups/backup.sh: not found
/bin/sh: 1: /home/dorn/Dev/yatodo-interia/db_backups/backup.sh: not found
/bin/sh: 1: /home/dorn/Dev/yatodo-interia/db_backups/backup.sh: not found
/bin/sh: 1: /home/dorn/Dev/yatodo-interia/db_backups/backup.sh: not found
/bin/sh: 1: /home/dorn/Dev/yatodo-interia/db_backups/backup.sh: not found
/bin/sh: 1: /home/dorn/Dev/yatodo-interia/db_backups/backup.sh: not found
/bin/sh: 1: /home/dorn/Dev/yatodo-interia/db_backups/backup.sh: not found
/bin/sh: 1: /home/dorn/Dev/yatodo-interia/db_backups/backup.sh: not found
/bin/sh: 1: /home/dorn/Dev/yatodo-interia/db_backups/backup.sh: not found
/bin/sh: 1: /home/dorn/Dev/yatodo-interia/db_backups/backup.sh: not found
/bin/sh: 1: /home/dorn/Dev/yatodo-interia/db_backups/backup.sh: not found
/bin/sh: 1: /home/dorn/Dev/yatodo-interia/db_backups/backup.sh: not found
/bin/sh: 1: /home/dorn/Dev/yatodo-interia/db_backups/backup.sh: not found
/bin/sh: 1: /home/dorn/Dev/yatodo-interia/db_backups/backup.sh: not found
/bin/sh: 1: /home/dorn/Dev/yatodo-interia/db_backups/backup.sh: not found
/bin/sh: 1: /home/dorn/Dev/yatodo-interia/db_backups/backup.sh: not found
/bin/sh: 1: /home/dorn/Dev/yatodo-interia/db_backups/backup.sh: not found
/bin/sh: 1: /home/dorn/Dev/yatodo-interia/db_backups/backup.sh: not found
/bin/sh: 1: /home/dorn/Dev/yatodo-interia/db_backups/backup.sh: not found
/bin/sh: 1: /home/dorn/Dev/yatodo-interia/db_backups/backup.sh: not found
/bin/sh: 1: /home/dorn/Dev/yatodo-interia/db_backups/backup.sh: not found
/bin/sh: 1: /home/dorn/Dev/yatodo-interia/db_backups/backup.sh: not found
/bin/sh: 1: /home/dorn/Dev/yatodo-interia/db_backups/backup.sh: not found
/bin/sh: 1: /home/dorn/Dev/yatodo-interia/db_backups/backup.sh: not found
/bin/sh: 1: /home/dorn/Dev/yatodo-interia/db_backups/backup.sh: not found
/bin/sh: 1: /home/dorn/Dev/yatodo-interia/db_backups/backup.sh: not found
/bin/sh: 1: /home/dorn/Dev/yatodo-interia/db_backups/backup.sh: not found
/bin/sh: 1: /home/dorn/Dev/yatodo-interia/db_backups/backup.sh: not found
/bin/sh: 1: /home/dorn/Dev/yatodo-interia/db_backups/backup.sh: not found
/bin/sh: 1: /home/dorn/Dev/yatodo-interia/db_backups/backup.sh: not found
/bin/sh: 1: /home/dorn/Dev/yatodo-interia/db_backups/backup.sh: not found
/bin/sh: 1: /home/dorn/Dev/yatodo-interia/db_backups/backup.sh: not found
/bin/sh: 1: /home/dorn/Dev/yatodo-interia/db_backups/backup.sh: not found
/bin/sh: 1: /home/dorn/Dev/yatodo-interia/db_backups/backup.sh: not found
/bin/sh: 1: /home/dorn/Dev/yatodo-interia/db_backups/backup.sh: not found
/bin/sh: 1: /home/dorn/Dev/yatodo-interia/db_backups/backup.sh: not found
/bin/sh: 1: /home/dorn/Dev/yatodo-interia/db_backups/backup.sh: not found
/bin/sh: 1: /home/dorn/Dev/yatodo-interia/db_backups/backup.sh: not found
/bin/sh: 1: /home/dorn/Dev/yatodo-interia/db_backups/backup.sh: not found
/bin/sh: 1: /home/dorn/Dev/yatodo-interia/db_backups/backup.sh: not found
/bin/sh: 1: /home/dorn/Dev/yatodo-interia/db_backups/backup.sh: not found
/bin/sh: 1: /home/dorn/Dev/yatodo-interia/db_backups/backup.sh: not found
/bin/sh: 1: /home/dorn/Dev/yatodo-interia/db_backups/backup.sh: not found
/bin/sh: 1: /home/dorn/Dev/yatodo-interia/db_backups/backup.sh: not found
/bin/sh: 1: /home/dorn/Dev/yatodo-interia/db_backups/backup.sh: not found
/bin/sh: 1: /home/dorn/Dev/yatodo-interia/db_backups/backup.sh: not found
/bin/sh: 1: /home/dorn/Dev/yatodo-interia/db_backups/backup.sh: not found
/bin/sh: 1: /home/dorn/Dev/yatodo-interia/db_backups/backup.sh: not found
/bin/sh: 1: /home/dorn/Dev/yatodo-interia/db_backups/backup.sh: not found
/bin/sh: 1: /home/dorn/Dev/yatodo-interia/db_backups/backup.sh: not found
/bin/sh: 1: /home/dorn/Dev/yatodo-interia/db_backups/backup.sh: not found
/bin/sh: 1: /home/dorn/Dev/yatodo-interia/db_backups/backup.sh: not found
/bin/sh: 1: /home/dorn/Dev/yatodo-interia/db_backups/backup.sh: not found
/bin/sh: 1: /home/dorn/Dev/yatodo-interia/db_backups/backup.sh: not found
/bin/sh: 1: /home/dorn/Dev/yatodo-interia/db_backups/backup.sh: not found
/bin/sh: 1: /home/dorn/Dev/yatodo-interia/db_backups/backup.sh: not found
/bin/sh: 1: /home/dorn/Dev/yatodo-interia/db_backups/backup.sh: not found
/bin/sh: 1: /home/dorn/Dev/yatodo-interia/db_backups/backup.sh: not found
/bin/sh: 1: /home/dorn/Dev/yatodo-interia/db_backups/backup.sh: not found
/bin/sh: 1: /home/dorn/Dev/yatodo-interia/db_backups/backup.sh: not found
/bin/sh: 1: /home/dorn/Dev/yatodo-interia/db_backups/backup.sh: not found
/bin/sh: 1: /home/dorn/Dev/yatodo-interia/db_backups/backup.sh: not found
/bin/sh: 1: /home/dorn/Dev/yatodo-interia/db_backups/backup.sh: not found
/bin/sh: 1: /home/dorn/Dev/yatodo-interia/db_backups/backup.sh: not found
/bin/sh: 1: /home/dorn/Dev/yatodo-interia/db_backups/backup.sh: not found
/bin/sh: 1: /home/dorn/Dev/yatodo-interia/db_backups/backup.sh: not found
/bin/sh: 1: /home/dorn/Dev/yatodo-interia/db_backups/backup.sh: not found
/bin/sh: 1: /home/dorn/Dev/yatodo-interia/db_backups/backup.sh: not found
/bin/sh: 1: /home/dorn/Dev/yatodo-interia/db_backups/backup.sh: not found
/bin/sh: 1: /home/dorn/Dev/yatodo-interia/db_backups/backup.sh: not found
/bin/sh: 1: /home/dorn/Dev/yatodo-interia/db_backups/backup.sh: not found
/bin/sh: 1: /home/dorn/Dev/yatodo-interia/db_backups/backup.sh: not found
/bin/sh: 1: /home/dorn/Dev/yatodo-interia/db_backups/backup.sh: not found
/bin/sh: 1: /home/dorn/Dev/yatodo-interia/db_backups/backup.sh: not found
/bin/sh: 1: /home/dorn/Dev/yatodo-interia/db_backups/backup.sh: not found
/bin/sh: 1: /home/dorn/Dev/yatodo-interia/db_backups/backup.sh: not found
/bin/sh: 1: /home/dorn/Dev/yatodo-interia/db_backups/backup.sh: not found
/bin/sh: 1: /home/dorn/Dev/yatodo-interia/db_backups/backup.sh: not found
/bin/sh: 1: /home/dorn/Dev/yatodo-interia/db_backups/backup.sh: not found
/bin/sh: 1: /home/dorn/Dev/yatodo-interia/db_backups/backup.sh: not found
/bin/sh: 1: /home/dorn/Dev/yatodo-interia/db_backups/backup.sh: not found
/bin/sh: 1: /home/dorn/Dev/yatodo-interia/db_backups/backup.sh: not found
/bin/sh: 1: /home/dorn/Dev/yatodo-interia/db_backups/backup.sh: not found
/bin/sh: 1: /home/dorn/Dev/yatodo-interia/db_backups/backup.sh: not found
/bin/sh: 1: /home/dorn/Dev/yatodo-interia/db_backups/backup.sh: not found
/bin/sh: 1: /home/dorn/Dev/yatodo-interia/db_backups/backup.sh: not found
/bin/sh: 1: /home/dorn/Dev/yatodo-interia/db_backups/backup.sh: not found
/bin/sh: 1: /home/dorn/Dev/yatodo-interia/db_backups/backup.sh: not found
/bin/sh: 1: /home/dorn/Dev/yatodo-interia/db_backups/backup.sh: not found
/bin/sh: 1: /home/dorn/Dev/yatodo-interia/db_backups/backup.sh: not found
/bin/sh: 1: /home/dorn/Dev/yatodo-interia/db_backups/backup.sh: not found
/bin/sh: 1: /home/dorn/Dev/yatodo-interia/db_backups/backup.sh: not found
/bin/sh: 1: /home/dorn/Dev/yatodo-interia/db_backups/backup.sh: not found
/bin/sh: 1: /home/dorn/Dev/yatodo-interia/db_backups/backup.sh: not found
/bin/sh: 1: /home/dorn/Dev/yatodo-interia/db_backups/backup.sh: not found
/bin/sh: 1: /home/dorn/Dev/yatodo-interia/db_backups/backup.sh: not found
/bin/sh: 1: /home/dorn/Dev/yatodo-interia/db_backups/backup.sh: not found
/bin/sh: 1: /home/dorn/Dev/yatodo-interia/db_backups/backup.sh: not found
/bin/sh: 1: /home/dorn/Dev/yatodo-interia/db_backups/backup.sh: not found
/bin/sh: 1: /home/dorn/Dev/yatodo-interia/db_backups/backup.sh: not found
/bin/sh: 1: /home/dorn/Dev/yatodo-interia/db_backups/backup.sh: not found
/bin/sh: 1: /home/dorn/Dev/yatodo-interia/db_backups/backup.sh: not found
/bin/sh: 1: /home/dorn/Dev/yatodo-interia/db_backups/backup.sh: not found
/bin/sh: 1: /home/dorn/Dev/yatodo-interia/db_backups/backup.sh: not found
/bin/sh: 1: /home/dorn/Dev/yatodo-interia/db_backups/backup.sh: not found
/bin/sh: 1: /home/dorn/Dev/yatodo-interia/db_backups/backup.sh: not found
/bin/sh: 1: /home/dorn/Dev/yatodo-interia/db_backups/backup.sh: not found
/bin/sh: 1: /home/dorn/Dev/yatodo-interia/db_backups/backup.sh: not found
/bin/sh: 1: /home/dorn/Dev/yatodo-interia/db_backups/backup.sh: not found
/bin/sh: 1: /home/dorn/Dev/yatodo-interia/db_backups/backup.sh: not found
/bin/sh: 1: /home/dorn/Dev/yatodo-interia/db_backups/backup.sh: not found
/bin/sh: 1: /home/dorn/Dev/yatodo-interia/db_backups/backup.sh: not found
/bin/sh: 1: /home/dorn/Dev/yatodo-interia/db_backups/backup.sh: not found
/bin/sh: 1: /home/dorn/Dev/yatodo-interia/db_backups/backup.sh: not found
/bin/sh: 1: /home/dorn/Dev/yatodo-interia/db_backups/backup.sh: not found
/bin/sh: 1: /home/dorn/Dev/yatodo-interia/db_backups/backup.sh: not found
/bin/sh: 1: /home/dorn/Dev/yatodo-interia/db_backups/backup.sh: not found
/bin/sh: 1: /home/dorn/Dev/yatodo-interia/db_backups/backup.sh: not found
/bin/sh: 1: /home/dorn/Dev/yatodo-interia/db_backups/backup.sh: not found
/bin/sh: 1: /home/dorn/Dev/yatodo-interia/db_backups/backup.sh: not found
/bin/sh: 1: /home/dorn/Dev/yatodo-interia/db_backups/backup.sh: not found
/bin/sh: 1: /home/dorn/Dev/yatodo-interia/db_backups/backup.sh: not found
/bin/sh: 1: /home/dorn/Dev/yatodo-interia/db_backups/backup.sh: not found
/bin/sh: 1: /home/dorn/Dev/yatodo-interia/db_backups/backup.sh: not found
/bin/sh: 1: /home/dorn/Dev/yatodo-interia/db_backups/backup.sh: not found
/bin/sh: 1: /home/dorn/Dev/yatodo-interia/db_backups/backup.sh: not found
/bin/sh: 1: /home/dorn/Dev/yatodo-interia/db_backups/backup.sh: not found
/bin/sh: 1: /home/dorn/Dev/yatodo-interia/db_backups/backup.sh: not found
/bin/sh: 1: /home/dorn/Dev/yatodo-interia/db_backups/backup.sh: not found
/bin/sh: 1: /home/dorn/Dev/yatodo-interia/db_backups/backup.sh: not found
/bin/sh: 1: /home/dorn/Dev/yatodo-interia/db_backups/backup.sh: not found
/bin/sh: 1: /home/dorn/Dev/yatodo-interia/db_backups/backup.sh: not found
/bin/sh: 1: /home/dorn/Dev/yatodo-interia/db_backups/backup.sh: not found
/bin/sh: 1: /home/dorn/Dev/yatodo-interia/db_backups/backup.sh: not found
/bin/sh: 1: /home/dorn/Dev/yatodo-interia/db_backups/backup.sh: not found
/bin/sh: 1: /home/dorn/Dev/yatodo-interia/db_backups/backup.sh: not found
/bin/sh: 1: /home/dorn/Dev/yatodo-interia/db_backups/backup.sh: not found
/bin/sh: 1: /home/dorn/Dev/yatodo-interia/db_backups/backup.sh: not found
/bin/sh: 1: /home/dorn/Dev/yatodo-interia/db_backups/backup.sh: not found
/bin/sh: 1: /home/dorn/Dev/yatodo-interia/db_backups/backup.sh: not found
/bin/sh: 1: /home/dorn/Dev/yatodo-interia/db_backups/backup.sh: not found
/bin/sh: 1: /home/dorn/Dev/yatodo-interia/db_backups/backup.sh: not found
/bin/sh: 1: /home/dorn/Dev/yatodo-interia/db_backups/backup.sh: not found
/bin/sh: 1: /home/dorn/Dev/yatodo-interia/db_backups/backup.sh: not found
/bin/sh: 1: /home/dorn/Dev/yatodo-interia/db_backups/backup.sh: not found
/bin/sh: 1: /home/dorn/Dev/yatodo-interia/db_backups/backup.sh: not found
/bin/sh: 1: /home/dorn/Dev/yatodo-interia/db_backups/backup.sh: not found
/bin/sh: 1: /home/dorn/Dev/yatodo-interia/db_backups/backup.sh: not found
/bin/sh: 1: /home/dorn/Dev/yatodo-interia/db_backups/backup.sh: not found
/bin/sh: 1: /home/dorn/Dev/yatodo-interia/db_backups/backup.sh: not found
/bin/sh: 1: /home/dorn/Dev/yatodo-interia/db_backups/backup.sh: not found
/bin/sh: 1: /home/dorn/Dev/yatodo-interia/db_backups/backup.sh: not found
/bin/sh: 1: /home/dorn/Dev/yatodo-interia/db_backups/backup.sh: not found
/bin/sh: 1: /home/dorn/Dev/yatodo-interia/db_backups/backup.sh: not found
/bin/sh: 1: /home/dorn/Dev/yatodo-interia/db_backups/backup.sh: not found
/bin/sh: 1: /home/dorn/Dev/yatodo-interia/db_backups/backup.sh: not found
/bin/sh: 1: /home/dorn/Dev/yatodo-interia/db_backups/backup.sh: not found
/bin/sh: 1: /home/dorn/Dev/yatodo-interia/db_backups/backup.sh: not found
/bin/sh: 1: /home/dorn/Dev/yatodo-interia/db_backups/backup.sh: not found
/bin/sh: 1: /home/dorn/Dev/yatodo-interia/db_backups/backup.sh: not found
/bin/sh: 1: /home/dorn/Dev/yatodo-interia/db_backups/backup.sh: not found
/bin/sh: 1: /home/dorn/Dev/yatodo-interia/db_backups/backup.sh: not found
/bin/sh: 1: /home/dorn/Dev/yatodo-interia/db_backups/backup.sh: not found
/bin/sh: 1: /home/dorn/Dev/yatodo-interia/db_backups/backup.sh: not found
/bin/sh: 1: /home/dorn/Dev/yatodo-interia/db_backups/backup.sh: not found
/bin/sh: 1: /home/dorn/Dev/yatodo-interia/db_backups/backup.sh: not found
/bin/sh: 1: /home/dorn/Dev/yatodo-interia/db_backups/backup.sh: not found
/bin/sh: 1: /home/dorn/Dev/yatodo-interia/db_backups/backup.sh: not found
/bin/sh: 1: /home/dorn/Dev/yatodo-interia/db_backups/backup.sh: not found
/bin/sh: 1: /home/dorn/Dev/yatodo-interia/db_backups/backup.sh: not found
/bin/sh: 1: /home/dorn/Dev/yatodo-interia/db_backups/backup.sh: not found
/bin/sh: 1: /home/dorn/Dev/yatodo-interia/db_backups/backup.sh: not found
/bin/sh: 1: /home/dorn/Dev/yatodo-interia/db_backups/backup.sh: not found
/bin/sh: 1: /home/dorn/Dev/yatodo-interia/db_backups/backup.sh: not found
/bin/sh: 1: /home/dorn/Dev/yatodo-interia/db_backups/backup.sh: not found
/bin/sh: 1: /home/dorn/Dev/yatodo-interia/db_backups/backup.sh: not found
/bin/sh: 1: /home/dorn/Dev/yatodo-interia/db_backups/backup.sh: not found
/bin/sh: 1: /home/dorn/Dev/yatodo-interia/db_backups/backup.sh: not found
/bin/sh: 1: /home/dorn/Dev/yatodo-interia/db_backups/backup.sh: not found
/bin/sh: 1: /home/dorn/Dev/yatodo-interia/db_backups/backup.sh: not found
/bin/sh: 1: /home/dorn/Dev/yatodo-interia/db_backups/backup.sh: not found
/bin/sh: 1: /home/dorn/Dev/yatodo-interia/db_backups/backup.sh: not found
/bin/sh: 1: /home/dorn/Dev/yatodo-interia/db_backups/backup.sh: not found
/bin/sh: 1: /home/dorn/Dev/yatodo-interia/db_backups/backup.sh: not found
/bin/sh: 1: /home/dorn/Dev/yatodo-interia/db_backups/backup.sh: not found
/bin/sh: 1: /home/dorn/Dev/yatodo-interia/db_backups/backup.sh: not found
/bin/sh: 1: /home/dorn/Dev/yatodo-interia/db_backups/backup.sh: not found
/bin/sh: 1: /home/dorn/Dev/yatodo-interia/db_backups/backup.sh: not found
/bin/sh: 1: /home/dorn/Dev/yatodo-interia/db_backups/backup.sh: not found
/bin/sh: 1: /home/dorn/Dev/yatodo-interia/db_backups/backup.sh: not found
/bin/sh: 1: /home/dorn/Dev/yatodo-interia/db_backups/backup.sh: not found
/bin/sh: 1: /home/dorn/Dev/yatodo-interia/db_backups/backup.sh: not found
/bin/sh: 1: /home/dorn/Dev/yatodo-interia/db_backups/backup.sh: not found
/bin/sh: 1: /home/dorn/Dev/yatodo-interia/db_backups/backup.sh: not found
/bin/sh: 1: /home/dorn/Dev/yatodo-interia/db_backups/backup.sh: not found
/bin/sh: 1: /home/dorn/Dev/yatodo-interia/db_backups/backup.sh: not found
/bin/sh: 1: /home/dorn/Dev/yatodo-interia/db_backups/backup.sh: not found
/bin/sh: 1: /home/dorn/Dev/yatodo-interia/db_backups/backup.sh: not found
/bin/sh: 1: /home/dorn/Dev/yatodo-interia/db_backups/backup.sh: not found
/bin/sh: 1: /home/dorn/Dev/yatodo-interia/db_backups/backup.sh: not found
/bin/sh: 1: /home/dorn/Dev/yatodo-interia/db_backups/backup.sh: not found
/bin/sh: 1: /home/dorn/Dev/yatodo-interia/db_backups/backup.sh: not found
/bin/sh: 1: /home/dorn/Dev/yatodo-interia/db_backups/backup.sh: not found
/bin/sh: 1: /home/dorn/Dev/yatodo-interia/db_backups/backup.sh: not found
/bin/sh: 1: /home/dorn/Dev/yatodo-interia/db_backups/backup.sh: not found
/bin/sh: 1: /home/dorn/Dev/yatodo-interia/db_backups/backup.sh: not found
/bin/sh: 1: /home/dorn/Dev/yatodo-interia/db_backups/backup.sh: not found
/bin/sh: 1: /home/dorn/Dev/yatodo-interia/db_backups/backup.sh: not found
/bin/sh: 1: /home/dorn/Dev/yatodo-interia/db_backups/backup.sh: not found
/bin/sh: 1: /home/dorn/Dev/yatodo-interia/db_backups/backup.sh: not found
/bin/sh: 1: /home/dorn/Dev/yatodo-interia/db_backups/backup.sh: not found
/bin/sh: 1: /home/dorn/Dev/yatodo-interia/db_backups/backup.sh: not found
/bin/sh: 1: /home/dorn/Dev/yatodo-interia/db_backups/backup.sh: not found
/bin/sh: 1: /home/dorn/Dev/yatodo-interia/db_backups/backup.sh: not found
/bin/sh: 1: /home/dorn/Dev/yatodo-interia/db_backups/backup.sh: not found
/bin/sh: 1: /home/dorn/Dev/yatodo-interia/db_backups/backup.sh: not found
/bin/sh: 1: /home/dorn/Dev/yatodo-interia/db_backups/backup.sh: not found
/bin/sh: 1: /home/dorn/Dev/yatodo-interia/db_backups/backup.sh: not found
/bin/sh: 1: /home/dorn/Dev/yatodo-interia/db_backups/backup.sh: not found
/bin/sh: 1: /home/dorn/Dev/yatodo-interia/db_backups/backup.sh: not found
/bin/sh: 1: /home/dorn/Dev/yatodo-interia/db_backups/backup.sh: not found
/bin/sh: 1: /home/dorn/Dev/yatodo-interia/db_backups/backup.sh: not found
/bin/sh: 1: /home/dorn/Dev/yatodo-interia/db_backups/backup.sh: not found
/bin/sh: 1: /home/dorn/Dev/yatodo-interia/db_backups/backup.sh: not found
/bin/sh: 1: /home/dorn/Dev/yatodo-interia/db_backups/backup.sh: not found
/bin/sh: 1: /home/dorn/Dev/yatodo-interia/db_backups/backup.sh: not found
/bin/sh: 1: /home/dorn/Dev/yatodo-interia/db_backups/backup.sh: not found
/bin/sh: 1: /home/dorn/Dev/yatodo-interia/db_backups/backup.sh: not found
/bin/sh: 1: /home/dorn/Dev/yatodo-interia/db_backups/backup.sh: not found
/bin/sh: 1: /home/dorn/Dev/yatodo-interia/db_backups/backup.sh: not found
/bin/sh: 1: /home/dorn/Dev/yatodo-interia/db_backups/backup.sh: not found
/bin/sh: 1: /home/dorn/Dev/yatodo-interia/db_backups/backup.sh: not found
/bin/sh: 1: /home/dorn/Dev/yatodo-interia/db_backups/backup.sh: not found
/bin/sh: 1: /home/dorn/Dev/yatodo-interia/db_backups/backup.sh: not found
/bin/sh: 1: /home/dorn/Dev/yatodo-interia/db_backups/backup.sh: not found
/bin/sh: 1: /home/dorn/Dev/yatodo-interia/db_backups/backup.sh: not found
/bin/sh: 1: /home/dorn/Dev/yatodo-interia/db_backups/backup.sh: not found
/bin/sh: 1: /home/dorn/Dev/yatodo-interia/db_backups/backup.sh: not found
/bin/sh: 1: /home/dorn/Dev/yatodo-interia/db_backups/backup.sh: not found
/bin/sh: 1: /home/dorn/Dev/yatodo-interia/db_backups/backup.sh: not found
/bin/sh: 1: /home/dorn/Dev/yatodo-interia/db_backups/backup.sh: not found
/bin/sh: 1: /home/dorn/Dev/yatodo-interia/db_backups/backup.sh: not found
/bin/sh: 1: /home/dorn/Dev/yatodo-interia/db_backups/backup.sh: not found
/bin/sh: 1: /home/dorn/Dev/yatodo-interia/db_backups/backup.sh: not found
/bin/sh: 1: /home/dorn/Dev/yatodo-interia/db_backups/backup.sh: not found
/bin/sh: 1: /home/dorn/Dev/yatodo-interia/db_backups/backup.sh: not found
/bin/sh: 1: /home/dorn/Dev/yatodo-interia/db_backups/backup.sh: not found
/bin/sh: 1: /home/dorn/Dev/yatodo-interia/db_backups/backup.sh: not found
/bin/sh: 1: /home/dorn/Dev/yatodo-interia/db_backups/backup.sh: not found
/bin/sh: 1: /home/dorn/Dev/yatodo-interia/db_backups/backup.sh: not found
/bin/sh: 1: /home/dorn/Dev/yatodo-interia/db_backups/backup.sh: not found
/bin/sh: 1: /home/dorn/Dev/yatodo-interia/db_backups/backup.sh: not found
/bin/sh: 1: /home/dorn/Dev/yatodo-interia/db_backups/backup.sh: not found
/bin/sh: 1: /home/dorn/Dev/yatodo-interia/db_backups/backup.sh: not found
/bin/sh: 1: /home/dorn/Dev/yatodo-interia/db_backups/backup.sh: not found
/bin/sh: 1: /home/dorn/Dev/yatodo-interia/db_backups/backup.sh: not found
/bin/sh: 1: /home/dorn/Dev/yatodo-interia/db_backups/backup.sh: not found
/bin/sh: 1: /home/dorn/Dev/yatodo-interia/db_backups/backup.sh: not found
/bin/sh: 1: /home/dorn/Dev/yatodo-interia/db_backups/backup.sh: not found
/bin/sh: 1: /home/dorn/Dev/yatodo-interia/db_backups/backup.sh: not found
/bin/sh: 1: /home/dorn/Dev/yatodo-interia/db_backups/backup.sh: not found
/bin/sh: 1: /home/dorn/Dev/yatodo-interia/db_backups/backup.sh: not found
/bin/sh: 1: /home/dorn/Dev/yatodo-interia/db_backups/backup.sh: not found
/bin/sh: 1: /home/dorn/Dev/yatodo-interia/db_backups/backup.sh: not found
/bin/sh: 1: /home/dorn/Dev/yatodo-interia/db_backups/backup.sh: not found
/bin/sh: 1: /home/dorn/Dev/yatodo-interia/db_backups/backup.sh: not found
/bin/sh: 1: /home/dorn/Dev/yatodo-interia/db_backups/backup.sh: not found
/bin/sh: 1: /home/dorn/Dev/yatodo-interia/db_backups/backup.sh: not found
/bin/sh: 1: /home/dorn/Dev/yatodo-interia/db_backups/backup.sh: not found
/bin/sh: 1: /home/dorn/Dev/yatodo-interia/db_backups/backup.sh: not found
/bin/sh: 1: /home/dorn/Dev/yatodo-interia/db_backups/backup.sh: not found
/bin/sh: 1: /home/dorn/Dev/yatodo-interia/db_backups/backup.sh: not found
/bin/sh: 1: /home/dorn/Dev/yatodo-interia/db_backups/backup.sh: not found
/bin/sh: 1: /home/dorn/Dev/yatodo-interia/db_backups/backup.sh: not found
/bin/sh: 1: /home/dorn/Dev/yatodo-interia/db_backups/backup.sh: not found
/bin/sh: 1: /home/dorn/Dev/yatodo-interia/db_backups/backup.sh: not found
/bin/sh: 1: /home/dorn/Dev/yatodo-interia/db_backups/backup.sh: not found
/bin/sh: 1: /home/dorn/Dev/yatodo-interia/db_backups/backup.sh: not found
/bin/sh: 1: /home/dorn/Dev/yatodo-interia/db_backups/backup.sh: not found
/bin/sh: 1: /home/dorn/Dev/yatodo-interia/db_backups/backup.sh: not found
/bin/sh: 1: /home/dorn/Dev/yatodo-interia/db_backups/backup.sh: not found
/bin/sh: 1: /home/dorn/Dev/yatodo-interia/db_backups/backup.sh: not found
/bin/sh: 1: /home/dorn/Dev/yatodo-interia/db_backups/backup.sh: not found
/bin/sh: 1: /home/dorn/Dev/yatodo-interia/db_backups/backup.sh: not found
/bin/sh: 1: /home/dorn/Dev/yatodo-interia/db_backups/backup.sh: not found
/bin/sh: 1: /home/dorn/Dev/yatodo-interia/db_backups/backup.sh: not found
/bin/sh: 1: /home/dorn/Dev/yatodo-interia/db_backups/backup.sh: not found
/bin/sh: 1: /home/dorn/Dev/yatodo-interia/db_backups/backup.sh: not found
/bin/sh: 1: /home/dorn/Dev/yatodo-interia/db_backups/backup.sh: not found
/bin/sh: 1: /home/dorn/Dev/yatodo-interia/db_backups/backup.sh: not found
/bin/sh: 1: /home/dorn/Dev/yatodo-interia/db_backups/backup.sh: not found
/bin/sh: 1: /home/dorn/Dev/yatodo-interia/db_backups/backup.sh: not found
/bin/sh: 1: /home/dorn/Dev/yatodo-interia/db_backups/backup.sh: not found
/bin/sh: 1: /home/dorn/Dev/yatodo-interia/db_backups/backup.sh: not found
/bin/sh: 1: /home/dorn/Dev/yatodo-interia/db_backups/backup.sh: not found
/bin/sh: 1: /home/dorn/Dev/yatodo-interia/db_backups/backup.sh: not found
/bin/sh: 1: /home/dorn/Dev/yatodo-interia/db_backups/backup.sh: not found
/bin/sh: 1: /home/dorn/Dev/yatodo-interia/db_backups/backup.sh: not found
/bin/sh: 1: /home/dorn/Dev/yatodo-interia/db_backups/backup.sh: not found
/bin/sh: 1: /home/dorn/Dev/yatodo-interia/db_backups/backup.sh: not found
/bin/sh: 1: /home/dorn/Dev/yatodo-interia/db_backups/backup.sh: not found
/bin/sh: 1: /home/dorn/Dev/yatodo-interia/db_backups/backup.sh: not found
/bin/sh: 1: /home/dorn/Dev/yatodo-interia/db_backups/backup.sh: not found
/bin/sh: 1: /home/dorn/Dev/yatodo-interia/db_backups/backup.sh: not found
/bin/sh: 1: /home/dorn/Dev/yatodo-interia/db_backups/backup.sh: not found
/bin/sh: 1: /home/dorn/Dev/yatodo-interia/db_backups/backup.sh: not found
/bin/sh: 1: /home/dorn/Dev/yatodo-interia/db_backups/backup.sh: not found
/bin/sh: 1: /home/dorn/Dev/yatodo-interia/db_backups/backup.sh: not found
/bin/sh: 1: /home/dorn/Dev/yatodo-interia/db_backups/backup.sh: not found
/bin/sh: 1: /home/dorn/Dev/yatodo-interia/db_backups/backup.sh: not found
/bin/sh: 1: /home/dorn/Dev/yatodo-interia/db_backups/backup.sh: not found
/bin/sh: 1: /home/dorn/Dev/yatodo-interia/db_backups/backup.sh: not found
/bin/sh: 1: /home/dorn/Dev/yatodo-interia/db_backups/backup.sh: not found
/bin/sh: 1: /home/dorn/Dev/yatodo-interia/db_backups/backup.sh: not found
/bin/sh: 1: /home/dorn/Dev/yatodo-interia/db_backups/backup.sh: not found
/bin/sh: 1: /home/dorn/Dev/yatodo-interia/db_backups/backup.sh: not found
/bin/sh: 1: /home/dorn/Dev/yatodo-interia/db_backups/backup.sh: not found
/bin/sh: 1: /home/dorn/Dev/yatodo-interia/db_backups/backup.sh: not found
/bin/sh: 1: /home/dorn/Dev/yatodo-interia/db_backups/backup.sh: not found
/bin/sh: 1: /home/dorn/Dev/yatodo-interia/db_backups/backup.sh: not found
/bin/sh: 1: /home/dorn/Dev/yatodo-interia/db_backups/backup.sh: not found
/bin/sh: 1: /home/dorn/Dev/yatodo-interia/db_backups/backup.sh: not found
/bin/sh: 1: /home/dorn/Dev/yatodo-interia/db_backups/backup.sh: not found
/bin/sh: 1: /home/dorn/Dev/yatodo-interia/db_backups/backup.sh: not found
/bin/sh: 1: /home/dorn/Dev/yatodo-interia/db_backups/backup.sh: not found
/bin/sh: 1: /home/dorn/Dev/yatodo-interia/db_backups/backup.sh: not found
/bin/sh: 1: /home/dorn/Dev/yatodo-interia/db_backups/backup.sh: not found
/bin/sh: 1: /home/dorn/Dev/yatodo-interia/db_backups/backup.sh: not found
/bin/sh: 1: /home/dorn/Dev/yatodo-interia/db_backups/backup.sh: not found
/bin/sh: 1: /home/dorn/Dev/yatodo-interia/db_backups/backup.sh: not found
/bin/sh: 1: /home/dorn/Dev/yatodo-interia/db_backups/backup.sh: not found
/bin/sh: 1: /home/dorn/Dev/yatodo-interia/db_backups/backup.sh: not found
/bin/sh: 1: /home/dorn/Dev/yatodo-interia/db_backups/backup.sh: not found
/bin/sh: 1: /home/dorn/Dev/yatodo-interia/db_backups/backup.sh: not found
/bin/sh: 1: /home/dorn/Dev/yatodo-interia/db_backups/backup.sh: not found
/bin/sh: 1: /home/dorn/Dev/yatodo-interia/db_backups/backup.sh: not found
/bin/sh: 1: /home/dorn/Dev/yatodo-interia/db_backups/backup.sh: not found
/bin/sh: 1: /home/dorn/Dev/yatodo-interia/db_backups/backup.sh: not found
/bin/sh: 1: /home/dorn/Dev/yatodo-interia/db_backups/backup.sh: not found
/bin/sh: 1: /home/dorn/Dev/yatodo-interia/db_backups/backup.sh: not found
/bin/sh: 1: /home/dorn/Dev/yatodo-interia/db_backups/backup.sh: not found
/bin/sh: 1: /home/dorn/Dev/yatodo-interia/db_backups/backup.sh: not found
